Running: C:\Xilinx\14.3\ISE_DS\ISE\bin\nt64\unwrapped\fuse.exe -intstyle ise -incremental -lib unisims_ver -lib unimacro_ver -lib xilinxcorelib_ver -lib secureip -o E:/Projects/Karatsuba_32-master/tb_karat_16_isim_beh.exe -prj E:/Projects/Karatsuba_32-master/tb_karat_16_beh.prj work.tb_karat_16 work.glbl 
ISim P.40xd (signature 0x7708f090)
Number of CPUs detected in this system: 8
Turning on mult-threading, number of parallel sub-compilation jobs: 16 
Determining compilation order of HDL files
Analyzing Verilog file "E:/Projects/Karatsuba_32-master/karat.v" into library work
Analyzing Verilog file "E:/Projects/Karatsuba_32-master/tb_karat_16.v" into library work
Analyzing Verilog file "C:/Xilinx/14.3/ISE_DS/ISE//verilog/src/glbl.v" into library work
Starting static elaboration
Completed static elaboration
Compiling module karat
Compiling module tb_karat_16
Compiling module glbl
Time Resolution for simulation is 1ps.
Waiting for 1 sub-compilation(s) to finish...
WARNING:Simulator - Unable to copy libPortabilityNOSH.dll to the simulation executable directory: boost::filesystem::copy_file: The system cannot find the path specified, "isim\tb_karat_16_isim_beh.exe.sim\libPortability.dll".
Compiled 3 Verilog Units
Built simulation executable E:/Projects/Karatsuba_32-master/tb_karat_16_isim_beh.exe
Fuse Memory Usage: 27040 KB
Fuse CPU Usage: 467 ms
